-------Call Ansible......
2015-07-27 04:06:16,128 p=2103 u=root |   [WARNING]: The version of gmp you have installed has a known issue regarding
timing vulnerabilities when used with pycrypto. If possible, you should update
it (i.e. yum update gmp).

2015-07-27 04:06:16,227 p=2103 u=root |
2015-07-27 04:06:16,227 p=2103 u=root |  /usr/bin/ansible-playbook -c paramiko -i ../../inventory/hosts destroy.yml
2015-07-27 04:06:16,227 p=2103 u=root |
2015-07-27 04:06:16,301 p=2103 u=root |  PLAY [create cinder stack {{ stack_name }}_cinder] ****************************
2015-07-27 04:06:16,301 p=2103 u=root |  GATHERING FACTS ***************************************************************
2015-07-27 04:06:16,516 p=2103 u=root |  ok: [localhost]
2015-07-27 04:06:16,517 p=2103 u=root |  TASK: [os_common | Running with OS credentials] *******************************
2015-07-27 04:06:16,530 p=2103 u=root |  ok: [localhost] => {
    "msg": "os_username=mgc8-com-test os_tenant_name=MGC8 os_tenant_id= os_region=RegionOne os_auth_url=http://135.251.91.5:5000/v2.0 os_cacert=../../crt/openstack.crt"
}
2015-07-27 04:06:16,530 p=2103 u=root |  TASK: [os_common | validate credentials] **************************************
2015-07-27 04:06:16,973 p=2103 u=root |  ok: [localhost]
2015-07-27 04:06:16,973 p=2103 u=root |  TASK: [os_common | valiadtion key] ********************************************
2015-07-27 04:06:16,976 p=2103 u=root |  ok: [localhost] => {
    "msg": "key_name=COMv5 "
}
2015-07-27 04:06:16,976 p=2103 u=root |  TASK: [os_common | validate presence of Nova SSH keypair] *********************
2015-07-27 04:06:17,574 p=2103 u=root |  ok: [localhost]
2015-07-27 04:06:17,574 p=2103 u=root |  TASK: [destroy_stack | check presence of stack] *******************************
2015-07-27 04:06:18,433 p=2103 u=root |  ok: [localhost]
2015-07-27 04:06:18,433 p=2103 u=root |  TASK: [destroy_stack | destroy the stack] *************************************
2015-07-27 04:06:19,315 p=2103 u=root |  changed: [localhost]
2015-07-27 04:06:19,316 p=2103 u=root |  TASK: [destroy_stack | wait for sucessful stack-delete for stack, and timeout after 15 minutes] ***
2015-07-27 04:06:35,092 p=2103 u=root |  ok: [localhost]
2015-07-27 04:06:35,093 p=2103 u=root |  PLAY RECAP ********************************************************************
2015-07-27 04:06:35,094 p=2103 u=root |  localhost                  : ok=8    changed=1    unreachable=0    failed=0
