-------Call Ansible......
2015-07-14 12:55:29,677 p=34501 u=root |   [WARNING]: The version of gmp you have installed has a known issue regarding
timing vulnerabilities when used with pycrypto. If possible, you should update
it (i.e. yum update gmp).

2015-07-14 12:55:29,843 p=34501 u=root |   
2015-07-14 12:55:29,843 p=34501 u=root |  /usr/bin/ansible-playbook -c paramiko -i ../../inventory/hosts destroy.yml
2015-07-14 12:55:29,843 p=34501 u=root |   
2015-07-14 12:55:29,990 p=34501 u=root |  PLAY [destroy all virtual machines] ******************************************* 
2015-07-14 12:55:29,991 p=34501 u=root |  TASK: [vnf_delete_vms | destroy virtual machine] ****************************** 
2015-07-14 12:55:30,013 p=34501 u=root |  TASK: [vnf_delete_vms | destroy virtual machine] ****************************** 
2015-07-14 12:55:30,024 p=34501 u=root |  TASK: [vnf_delete_vms | destroy virtual machine] ****************************** 
2015-07-14 12:55:30,030 p=34501 u=root |  TASK: [vnf_delete_vms | destroy virtual machine] ****************************** 
2015-07-14 12:55:31,303 p=34501 u=root |  changed: [localhost]
2015-07-14 12:55:31,304 p=34501 u=root |  TASK: [vnf_delete_vms | debug msg="All VMs have been destroyed."] ************* 
2015-07-14 12:55:31,309 p=34501 u=root |  ok: [localhost] => {
    "msg": "All VMs have been destroyed."
}
2015-07-14 12:55:31,310 p=34501 u=root |  TASK: [vnf_delete_vms | undefine virtual machine] ***************************** 
2015-07-14 12:55:31,326 p=34501 u=root |  TASK: [vnf_delete_vms | query virtual machine status] ************************* 
2015-07-14 12:55:31,346 p=34501 u=root |  TASK: [vnf_delete_vms | make sure undefine virtual machine] ******************* 
2015-07-14 12:55:31,361 p=34501 u=root |  TASK: [vnf_delete_vms | undefine virtual machine] ***************************** 
2015-07-14 12:55:31,373 p=34501 u=root |  TASK: [vnf_delete_vms | query virtual machine status] ************************* 
2015-07-14 12:55:31,384 p=34501 u=root |  TASK: [vnf_delete_vms | make sure undefine virtual machine] ******************* 
2015-07-14 12:55:31,395 p=34501 u=root |  TASK: [vnf_delete_vms | undefine virtual machine] ***************************** 
2015-07-14 12:55:31,404 p=34501 u=root |  TASK: [vnf_delete_vms | query virtual machine status] ************************* 
2015-07-14 12:55:31,409 p=34501 u=root |  TASK: [vnf_delete_vms | make sure undefine virtual machine] ******************* 
2015-07-14 12:55:31,416 p=34501 u=root |  TASK: [vnf_delete_vms | undefine virtual machine] ***************************** 
2015-07-14 12:55:31,642 p=34501 u=root |  ok: [localhost]
2015-07-14 12:55:31,643 p=34501 u=root |  TASK: [vnf_delete_vms | query virtual machine status] ************************* 
2015-07-14 12:55:31,859 p=34501 u=root |  failed: [localhost] => {"failed": true}
2015-07-14 12:55:31,860 p=34501 u=root |  msg: virtual machine tangM001QOSAC01 not found
2015-07-14 12:55:31,860 p=34501 u=root |  ...ignoring
2015-07-14 12:55:31,861 p=34501 u=root |  TASK: [vnf_delete_vms | make sure undefine virtual machine] ******************* 
2015-07-14 12:55:31,879 p=34501 u=root |  ok: [localhost]
2015-07-14 12:55:31,879 p=34501 u=root |  TASK: [vnf_delete_vms | debug msg="All VMs have been deleted."] *************** 
2015-07-14 12:55:31,881 p=34501 u=root |  ok: [localhost] => {
    "msg": "All VMs have been deleted."
}
2015-07-14 12:55:31,882 p=34501 u=root |  TASK: [vnf_delete_vmfiles | delete virtual machine files] ********************* 
2015-07-14 12:55:31,894 p=34501 u=root |  TASK: [vnf_delete_vmfiles | delete virtual machine files] ********************* 
2015-07-14 12:55:31,905 p=34501 u=root |  TASK: [vnf_delete_vmfiles | delete virtual machine files] ********************* 
2015-07-14 12:55:31,918 p=34501 u=root |  TASK: [vnf_delete_vmfiles | delete virtual machine files] ********************* 
2015-07-14 12:55:33,010 p=34501 u=root |  changed: [localhost]
2015-07-14 12:55:33,011 p=34501 u=root |  PLAY RECAP ******************************************************************** 
2015-07-14 12:55:33,011 p=34501 u=root |  localhost                  : ok=7    changed=2    unreachable=0    failed=0   
