-------Call Ansible......
2015-07-10 16:10:45,412 p=60652 u=root |   [WARNING]: The version of gmp you have installed has a known issue regarding
timing vulnerabilities when used with pycrypto. If possible, you should update
it (i.e. yum update gmp).

2015-07-10 16:10:45,532 p=60652 u=root |
2015-07-10 16:10:45,532 p=60652 u=root |  /usr/bin/ansible-playbook -c paramiko -i ../../inventory/hosts destroy.yml
2015-07-10 16:10:45,532 p=60652 u=root |
2015-07-10 16:10:45,604 p=60652 u=root |  PLAY [destroy all virtual machines] *******************************************
2015-07-10 16:10:45,605 p=60652 u=root |  TASK: [vnf_delete_vms | destroy virtual machine] ******************************
2015-07-10 16:10:45,616 p=60652 u=root |  TASK: [vnf_delete_vms | destroy virtual machine] ******************************
2015-07-10 16:10:45,622 p=60652 u=root |  TASK: [vnf_delete_vms | destroy virtual machine] ******************************
2015-07-10 16:10:45,628 p=60652 u=root |  TASK: [vnf_delete_vms | destroy virtual machine] ******************************
2015-07-10 16:10:48,382 p=60652 u=root |  changed: [localhost]
2015-07-10 16:10:48,383 p=60652 u=root |  TASK: [vnf_delete_vms | debug msg="All VMs have been destroyed."] *************
2015-07-10 16:10:48,393 p=60652 u=root |  ok: [localhost] => {
    "msg": "All VMs have been destroyed."
}
2015-07-10 16:10:48,394 p=60652 u=root |  TASK: [vnf_delete_vms | undefine virtual machine] *****************************
2015-07-10 16:10:48,409 p=60652 u=root |  TASK: [vnf_delete_vms | query virtual machine status] *************************
2015-07-10 16:10:48,423 p=60652 u=root |  TASK: [vnf_delete_vms | make sure undefine virtual machine] *******************
2015-07-10 16:10:48,441 p=60652 u=root |  TASK: [vnf_delete_vms | undefine virtual machine] *****************************
2015-07-10 16:10:48,453 p=60652 u=root |  TASK: [vnf_delete_vms | query virtual machine status] *************************
2015-07-10 16:10:48,465 p=60652 u=root |  TASK: [vnf_delete_vms | make sure undefine virtual machine] *******************
2015-07-10 16:10:48,476 p=60652 u=root |  TASK: [vnf_delete_vms | undefine virtual machine] *****************************
2015-07-10 16:10:48,488 p=60652 u=root |  TASK: [vnf_delete_vms | query virtual machine status] *************************
2015-07-10 16:10:48,500 p=60652 u=root |  TASK: [vnf_delete_vms | make sure undefine virtual machine] *******************
2015-07-10 16:10:48,513 p=60652 u=root |  TASK: [vnf_delete_vms | undefine virtual machine] *****************************
2015-07-10 16:10:48,659 p=60652 u=root |  ok: [localhost]
2015-07-10 16:10:48,659 p=60652 u=root |  TASK: [vnf_delete_vms | query virtual machine status] *************************
2015-07-10 16:10:49,844 p=60652 u=root |  failed: [localhost] => {"failed": true}
2015-07-10 16:10:49,844 p=60652 u=root |  msg: virtual machine tangM001OOSAC01 not found
2015-07-10 16:10:49,845 p=60652 u=root |  ...ignoring
2015-07-10 16:10:49,845 p=60652 u=root |  TASK: [vnf_delete_vms | make sure undefine virtual machine] *******************
2015-07-10 16:10:49,864 p=60652 u=root |  ok: [localhost]
2015-07-10 16:10:49,864 p=60652 u=root |  TASK: [vnf_delete_vms | debug msg="All VMs have been deleted."] ***************
2015-07-10 16:10:49,867 p=60652 u=root |  ok: [localhost] => {
    "msg": "All VMs have been deleted."
}
2015-07-10 16:10:49,867 p=60652 u=root |  TASK: [vnf_delete_vmfiles | delete virtual machine files] *********************
2015-07-10 16:10:49,879 p=60652 u=root |  TASK: [vnf_delete_vmfiles | delete virtual machine files] *********************
2015-07-10 16:10:49,891 p=60652 u=root |  TASK: [vnf_delete_vmfiles | delete virtual machine files] *********************
2015-07-10 16:10:49,904 p=60652 u=root |  TASK: [vnf_delete_vmfiles | delete virtual machine files] *********************
2015-07-10 16:10:51,682 p=60652 u=root |  changed: [localhost]
2015-07-10 16:10:51,683 p=60652 u=root |  PLAY RECAP ********************************************************************
2015-07-10 16:10:51,683 p=60652 u=root |  localhost                  : ok=7    changed=2    unreachable=0    failed=0
