-------Call Ansible......
2015-07-14 14:00:12,634 p=10600 u=root |   [WARNING]: The version of gmp you have installed has a known issue regarding
timing vulnerabilities when used with pycrypto. If possible, you should update
it (i.e. yum update gmp).

2015-07-14 14:00:12,780 p=10600 u=root |   
2015-07-14 14:00:12,780 p=10600 u=root |  /usr/bin/ansible-playbook -c paramiko -i ../../inventory/hosts deploy_qosac.yml
2015-07-14 14:00:12,780 p=10600 u=root |   
2015-07-14 14:00:13,095 p=10600 u=root |  PLAY [Auto install com on kvm] ************************************************ 
2015-07-14 14:00:13,096 p=10600 u=root |  TASK: [ovm_prepare | Generate uuid for vm instance] *************************** 
2015-07-14 14:00:13,119 p=10600 u=root |  TASK: [ovm_prepare | Generate mac address] ************************************ 
2015-07-14 14:00:13,162 p=10600 u=root |  TASK: [ovm_prepare | Generate directories for tmp file] *********************** 
2015-07-14 14:00:13,209 p=10600 u=root |  TASK: [ovm_prepare | Get authorized key] ************************************** 
2015-07-14 14:00:13,240 p=10600 u=root |  TASK: [ovm_prepare | Generate meta-data] ************************************** 
2015-07-14 14:00:13,260 p=10600 u=root |  TASK: [ovm_prepare | Generate user-data] ************************************** 
2015-07-14 14:00:13,285 p=10600 u=root |  TASK: [ovm_prepare | Generate data source image] ****************************** 
2015-07-14 14:00:13,306 p=10600 u=root |  TASK: [ovm_prepare | Generate vm domain definition xml] *********************** 
2015-07-14 14:00:13,325 p=10600 u=root |  TASK: [ovm_prepare | Generate file directories] ******************************* 
2015-07-14 14:00:13,343 p=10600 u=root |  TASK: [ovm_prepare | Delete tmp meta-data] ************************************ 
2015-07-14 14:00:13,362 p=10600 u=root |  TASK: [ovm_prepare | Delete tmp user-data] ************************************ 
2015-07-14 14:00:13,380 p=10600 u=root |  TASK: [prepare | generate mac address for virtual machine] ******************** 
2015-07-14 14:00:14,240 p=10600 u=root |  changed: [localhost]
2015-07-14 14:00:14,240 p=10600 u=root |  TASK: [prepare | Generate directories for tmp file] *************************** 
2015-07-14 14:00:14,532 p=10600 u=root |  changed: [localhost]
2015-07-14 14:00:14,533 p=10600 u=root |  TASK: [prepare | Get authorized key] ****************************************** 
2015-07-14 14:00:14,641 p=10600 u=root |  changed: [localhost -> 127.0.0.1]
2015-07-14 14:00:14,642 p=10600 u=root |  TASK: [prepare | Generate meta-data] ****************************************** 
2015-07-14 14:00:14,777 p=10600 u=root |  changed: [localhost]
2015-07-14 14:00:14,778 p=10600 u=root |  TASK: [prepare | Generate user-data] ****************************************** 
2015-07-14 14:00:14,917 p=10600 u=root |  changed: [localhost]
2015-07-14 14:00:14,917 p=10600 u=root |  TASK: [prepare | Generate data source image] ********************************** 
2015-07-14 14:00:15,284 p=10600 u=root |  changed: [localhost]
2015-07-14 14:00:15,285 p=10600 u=root |  TASK: [prepare | Generate vm domain definition xml] *************************** 
2015-07-14 14:00:15,430 p=10600 u=root |  changed: [localhost]
2015-07-14 14:00:15,431 p=10600 u=root |  TASK: [prepare | Generate file directories] *********************************** 
2015-07-14 14:00:15,565 p=10600 u=root |  changed: [localhost]
2015-07-14 14:00:15,566 p=10600 u=root |  TASK: [prepare | Generate install options] ************************************ 
2015-07-14 14:00:15,696 p=10600 u=root |  changed: [localhost]
2015-07-14 14:00:15,697 p=10600 u=root |  TASK: [prepare | Delete tmp meta-data] **************************************** 
2015-07-14 14:00:15,817 p=10600 u=root |  changed: [localhost]
2015-07-14 14:00:15,818 p=10600 u=root |  TASK: [prepare | Delete tmp user-data] **************************************** 
2015-07-14 14:00:15,927 p=10600 u=root |  changed: [localhost]
2015-07-14 14:00:15,928 p=10600 u=root |  TASK: [ovm_tar_all_files | Tar optional VM] *********************************** 
2015-07-14 14:00:16,034 p=10600 u=root |  changed: [localhost]
2015-07-14 14:00:16,035 p=10600 u=root |  TASK: [ovm_tar_all_files | Remove tmp directory] ****************************** 
2015-07-14 14:00:16,132 p=10600 u=root |  changed: [localhost]
2015-07-14 14:00:16,133 p=10600 u=root |  PLAY [Send data source image to host] ***************************************** 
2015-07-14 14:00:16,134 p=10600 u=root |  TASK: [Create kvm directories] ************************************************ 
2015-07-14 14:00:16,609 p=10600 u=root |  changed: [135.251.236.98]
2015-07-14 14:00:16,610 p=10600 u=root |  TASK: [Send data to hosts] **************************************************** 
2015-07-14 14:00:17,269 p=10600 u=root |  changed: [135.251.236.98]
2015-07-14 14:00:17,270 p=10600 u=root |  TASK: [Untar data.tar.gz] ***************************************************** 
2015-07-14 14:00:17,800 p=10600 u=root |  changed: [135.251.236.98]
2015-07-14 14:00:17,801 p=10600 u=root |  PLAY [Replace kvm qcow2 file] ************************************************* 
2015-07-14 14:00:17,801 p=10600 u=root |  TASK: [destroy_kvm | Destroy kvms] ******************************************** 
2015-07-14 14:00:18,297 p=10600 u=root |  failed: [135.251.236.98] => {"changed": true, "cmd": ["virsh", "destroy", "qosacM001QOSAC01"], "delta": "0:00:00.032688", "end": "2015-07-14 14:50:47.832023", "rc": 1, "start": "2015-07-14 14:50:47.799335", "warnings": []}
2015-07-14 14:00:18,298 p=10600 u=root |  stderr: error: failed to get domain 'qosacM001QOSAC01'
error: Domain not found: no domain with matching name 'qosacM001QOSAC01'
2015-07-14 14:00:18,299 p=10600 u=root |  ...ignoring
2015-07-14 14:00:18,299 p=10600 u=root |  TASK: [destroy_kvm | Undefine kvms] ******************************************* 
2015-07-14 14:00:18,775 p=10600 u=root |  failed: [135.251.236.98] => {"changed": true, "cmd": ["virsh", "undefine", "qosacM001QOSAC01"], "delta": "0:00:00.033689", "end": "2015-07-14 14:50:48.319836", "rc": 1, "start": "2015-07-14 14:50:48.286147", "warnings": []}
2015-07-14 14:00:18,776 p=10600 u=root |  stderr: error: failed to get domain 'qosacM001QOSAC01'
error: Domain not found: no domain with matching name 'qosacM001QOSAC01'
2015-07-14 14:00:18,776 p=10600 u=root |  ...ignoring
2015-07-14 14:00:18,776 p=10600 u=root |  TASK: [change_kvm | Copy qcow2 files to directories] ************************** 
2015-07-14 14:00:38,164 p=10600 u=root |  changed: [135.251.236.98]
2015-07-14 14:00:38,165 p=10600 u=root |  TASK: [change_kvm | Create data disk] ***************************************** 
2015-07-14 14:00:39,620 p=10600 u=root |  changed: [135.251.236.98]
2015-07-14 14:00:39,621 p=10600 u=root |  TASK: [change_kvm | Create vm instance] *************************************** 
2015-07-14 14:00:40,681 p=10600 u=root |  changed: [135.251.236.98]
2015-07-14 14:00:40,682 p=10600 u=root |  TASK: [change_kvm | Start vm instance] **************************************** 
2015-07-14 14:00:41,933 p=10600 u=root |  changed: [135.251.236.98]
2015-07-14 14:00:41,933 p=10600 u=root |  TASK: [wait_for_server_start | wait for guest os to start] ******************** 
2015-07-14 14:01:47,429 p=10600 u=root |  ok: [135.251.236.98]
2015-07-14 14:01:47,430 p=10600 u=root |  PLAY [Send install_option to qosac vm] **************************************** 
2015-07-14 14:01:47,431 p=10600 u=root |  TASK: [send_install_options | Make /install/config directory if not exist] **** 
2015-07-14 14:01:49,316 p=10600 u=root |  changed: [10.223.0.233]
2015-07-14 14:01:49,317 p=10600 u=root |  TASK: [send_install_options | Copy install_options to guest vm] *************** 
2015-07-14 14:01:50,076 p=10600 u=root |  changed: [10.223.0.233]
2015-07-14 14:01:50,076 p=10600 u=root |  PLAY [image replacement post script] ****************************************** 
2015-07-14 14:01:50,077 p=10600 u=root |  TASK: [run replace post script, may take around 20 minutes] ******************* 
2015-07-14 14:22:56,612 p=10600 u=root |  changed: [10.223.0.233]
2015-07-14 14:22:56,613 p=10600 u=root |  PLAY [partiton disk drive] **************************************************** 
2015-07-14 14:22:56,613 p=10600 u=root |  TASK: [partition_disk | configure new disk drive] ***************************** 
2015-07-14 14:25:47,189 p=10600 u=root |  changed: [10.223.0.233]
2015-07-14 14:25:47,220 p=10600 u=root |  TASK: [partition_disk | organize directories for image replacement] *********** 
2015-07-14 14:25:47,798 p=10600 u=root |  changed: [10.223.0.233]
2015-07-14 14:25:47,799 p=10600 u=root |  PLAY [Bulk config after installation] ***************************************** 
2015-07-14 14:25:47,800 p=10600 u=root |  skipping: no hosts matched
2015-07-14 14:25:47,801 p=10600 u=root |  PLAY [Vertical scaling COM VM for memory, and CPU] **************************** 
2015-07-14 14:25:47,802 p=10600 u=root |  TASK: [tune memory] *********************************************************** 
2015-07-14 14:25:48,305 p=10600 u=root |  changed: [10.223.0.233]
2015-07-14 14:25:48,306 p=10600 u=root |  PLAY [start com application] ************************************************** 
2015-07-14 14:25:48,306 p=10600 u=root |  skipping: no hosts matched
2015-07-14 14:25:48,306 p=10600 u=root |  PLAY [Reboot] ***************************************************************** 
2015-07-14 14:25:48,307 p=10600 u=root |  TASK: [Reboot server] ********************************************************* 
2015-07-14 14:25:48,785 p=10600 u=root |  changed: [10.223.0.233]
2015-07-14 14:25:48,786 p=10600 u=root |  PLAY RECAP ******************************************************************** 
2015-07-14 14:25:48,786 p=10600 u=root |  10.223.0.233               : ok=7    changed=7    unreachable=0    failed=0   
2015-07-14 14:25:48,787 p=10600 u=root |  135.251.236.98             : ok=10   changed=9    unreachable=0    failed=0   
2015-07-14 14:25:48,787 p=10600 u=root |  localhost                  : ok=13   changed=13   unreachable=0    failed=0   
