[root@ansible kvm]# ansible-playbook -i ../../inventory/hosts.atc ovm_install_kvm.yml
 [WARNING]: The version of gmp you have installed has a known issue regarding
timing vulnerabilities when used with pycrypto. If possible, you should update
it (i.e. yum update gmp).


PLAY [Auto install com on kvm] ************************************************

TASK: [ovm_prepare | Generate uuid for vm instance] ***************************
changed: [localhost -> 127.0.0.1]

TASK: [ovm_prepare | Generate mac address] ************************************
changed: [localhost -> 127.0.0.1]

TASK: [ovm_prepare | Generate directories for tmp file] ***********************
changed: [localhost]

TASK: [ovm_prepare | Get authorized key] **************************************
changed: [localhost -> 127.0.0.1]

TASK: [ovm_prepare | Generate meta-data] **************************************
ok: [localhost]

TASK: [ovm_prepare | Generate user-data] **************************************
changed: [localhost]

TASK: [ovm_prepare | Generate data source image] ******************************
changed: [localhost]

TASK: [ovm_prepare | Generate vm domain definition xml] ***********************
changed: [localhost]

TASK: [ovm_prepare | Generate file directories] *******************************
changed: [localhost]

TASK: [ovm_prepare | Delete tmp meta-data] ************************************
changed: [localhost]

TASK: [ovm_prepare | Delete tmp user-data] ************************************
changed: [localhost]

TASK: [prepare | generate mac address for virtual machine] ********************

TASK: [prepare | Generate directories for tmp file] ***************************

TASK: [prepare | Get authorized key] ******************************************

TASK: [prepare | Generate meta-data] ******************************************

TASK: [prepare | Generate user-data] ******************************************

TASK: [prepare | Generate data source image] **********************************

TASK: [prepare | Generate vm domain definition xml] ***************************

TASK: [prepare | Generate file directories] ***********************************

TASK: [prepare | Generate install options] ************************************

TASK: [prepare | Delete tmp meta-data] ****************************************

TASK: [prepare | Delete tmp user-data] ****************************************

TASK: [ovm_tar_all_files | Tar optional VM] ***********************************
changed: [localhost]

TASK: [ovm_tar_all_files | Remove tmp directory] ******************************
changed: [localhost]

PLAY [Send data source image to host] *****************************************

TASK: [Create kvm directories] ************************************************
changed: [135.251.236.98]

TASK: [Send data to hosts] ****************************************************
changed: [135.251.236.98]

TASK: [Untar data.tar.gz] *****************************************************
changed: [135.251.236.98]

PLAY [Replace kvm qcow2 file] *************************************************

TASK: [destroy_kvm | Destroy kvms] ********************************************
failed: [135.251.236.98] => {"changed": true, "cmd": ["virsh", "destroy", "sim2"], "delta": "0:00:00.027306", "end": "2015-06-23 14:39:23.842880", "rc": 1, "start": "2015-06-23 14:39:23.815574", "warnings": []}
stderr: error: failed to get domain 'sim2'
error: Domain not found: no domain with matching name 'sim2'
...ignoring

TASK: [destroy_kvm | Undefine kvms] *******************************************
failed: [135.251.236.98] => {"changed": true, "cmd": ["virsh", "undefine", "sim2"], "delta": "0:00:00.024933", "end": "2015-06-23 14:39:24.177098", "rc": 1, "start": "2015-06-23 14:39:24.152165", "warnings": []}
stderr: error: failed to get domain 'sim2'
error: Domain not found: no domain with matching name 'sim2'
...ignoring

TASK: [change_kvm | Copy qcow2 files to directories] **************************
changed: [135.251.236.98]

TASK: [change_kvm | Create data disk] *****************************************
changed: [135.251.236.98]

TASK: [change_kvm | Create vm instance] ***************************************
changed: [135.251.236.98]

TASK: [change_kvm | Start vm instance] ****************************************
changed: [135.251.236.98]

TASK: [wait_for_server_start | wait for guest os to start] ********************
ok: [135.251.236.98]

PLAY [Config switches for OVM] ************************************************

TASK: [post_install_atc | add switches to stats.cfg] **************************

TASK: [post_install_atc | stop Stats.sh] **************************************

TASK: [post_install_atc | start Stats.sh] *************************************

TASK: [post_install_hpsim | mkdir /localbackup] *******************************
changed: [10.223.0.231]

TASK: [post_install_hpsim | create pv] ****************************************
changed: [10.223.0.231]

TASK: [post_install_hpsim | create vg] ****************************************
changed: [10.223.0.231]

TASK: [post_install_hpsim | create lv] ****************************************
changed: [10.223.0.231]

TASK: [post_install_hpsim | create] *******************************************
changed: [10.223.0.231]

TASK: [post_install_hpsim | mount to /nedata] *********************************
changed: [10.223.0.231]

TASK: [post_install_hpsim | add fs into fstab] ********************************
changed: [10.223.0.231]

TASK: [post_install_ars | generate request cacert.pem] ************************

TASK: [post_install_ars | copy cacert.pem to ca.crt] **************************

TASK: [post_install_ars | generate server.csr] ********************************

TASK: [post_install_ars | generate server.crt] ********************************

TASK: [post_install_ars | generate server.pkcs12] *****************************

TASK: [post_install_ars | echo COM Primary IP and hostname to /etc/hosts] *****

TASK: [post_install_ars | echo COM Secondary IP and hostname to /etc/hosts] ***

TASK: [post_install_ars | copy tnsname.ora.pri] *******************************

TASK: [post_install_ars | update localhost in tnsname.ora.pri] ****************

TASK: [post_install_ars | copy tnsname.ora.sec] *******************************

TASK: [post_install_ars | update tnsname.ora.sec] *****************************

TASK: [post_install_ars | stop servers] ***************************************

TASK: [post_install_ars | stop tomcat] ****************************************

TASK: [post_install_ars | start servers] **************************************

TASK: [post_install_ars | start tomcat] ***************************************

TASK: [post_install_ars | add cronjob] ****************************************

PLAY RECAP ********************************************************************
10.223.0.231               : ok=7    changed=7    unreachable=0    failed=0
135.251.236.98             : ok=10   changed=9    unreachable=0    failed=0
localhost                  : ok=13   changed=12   unreachable=0    failed=0
