-------Call Ansible......
2015-07-26 22:31:21,013 p=29292 u=root |   [WARNING]: The version of gmp you have installed has a known issue regarding
timing vulnerabilities when used with pycrypto. If possible, you should update
it (i.e. yum update gmp).

2015-07-26 22:31:21,122 p=29292 u=root |
2015-07-26 22:31:21,122 p=29292 u=root |  /usr/bin/ansible-playbook -c paramiko -i ../../inventory/hosts deploy_qosac.yml
2015-07-26 22:31:21,123 p=29292 u=root |
2015-07-26 22:31:21,229 p=29292 u=root |  PLAY [create virtual machines] ************************************************
2015-07-26 22:31:21,229 p=29292 u=root |  GATHERING FACTS ***************************************************************
2015-07-26 22:31:21,480 p=29292 u=root |  ok: [localhost]
2015-07-26 22:31:21,481 p=29292 u=root |  TASK: [os_common | Running with OS credentials] *******************************
2015-07-26 22:31:21,494 p=29292 u=root |  ok: [localhost] => {
    "msg": "os_username=mgc8-com-test os_tenant_name=MGC8 os_tenant_id= os_region=RegionOne os_auth_url=http://135.251.91.5:5000/v2.0 os_cacert=../../crt/openstack.crt"
}
2015-07-26 22:31:21,494 p=29292 u=root |  TASK: [os_common | validate credentials] **************************************
2015-07-26 22:31:21,987 p=29292 u=root |  ok: [localhost]
2015-07-26 22:31:21,988 p=29292 u=root |  TASK: [os_common | valiadtion key] ********************************************
2015-07-26 22:31:21,991 p=29292 u=root |  ok: [localhost] => {
    "msg": "key_name=COMv5 "
}
2015-07-26 22:31:21,991 p=29292 u=root |  TASK: [os_common | validate presence of Nova SSH keypair] *********************
2015-07-26 22:31:22,671 p=29292 u=root |  ok: [localhost]
2015-07-26 22:31:22,672 p=29292 u=root |  TASK: [heat_templates | Running with the following options] *******************
2015-07-26 22:31:22,675 p=29292 u=root |  ok: [localhost] => {
    "msg": "template_version=2014-10-16 config_drive=True "
}
2015-07-26 22:31:22,676 p=29292 u=root |  TASK: [heat_templates | update ALU-1360-COM.hot.yaml document] ****************
2015-07-26 22:31:22,852 p=29292 u=root |  changed: [localhost]
2015-07-26 22:31:22,853 p=29292 u=root |  TASK: [heat_templates | update ALU-1360-COM.env.yaml document] ****************
2015-07-26 22:31:23,033 p=29292 u=root |  changed: [localhost]
2015-07-26 22:31:23,033 p=29292 u=root |  TASK: [heat_templates | update VNFC yaml document] ****************************
2015-07-26 22:31:23,270 p=29292 u=root |  changed: [localhost]
2015-07-26 22:31:23,271 p=29292 u=root |  TASK: [deploy_stack | check presence of heat stack] ***************************
2015-07-26 22:31:23,915 p=29292 u=root |  ok: [localhost]
2015-07-26 22:31:23,916 p=29292 u=root |  TASK: [deploy_stack | invoke a heat stack-create] *****************************
2015-07-26 22:31:25,098 p=29292 u=root |  changed: [localhost]
2015-07-26 22:31:25,099 p=29292 u=root |  TASK: [deploy_stack | wait for sucessful stack-create and timeout after 15 minutes] ***
2015-07-26 22:31:41,072 p=29292 u=root |  ok: [localhost]
2015-07-26 22:31:41,074 p=29292 u=root |  PLAY [wait for virtual machines to be alive] **********************************
2015-07-26 22:31:41,075 p=29292 u=root |  TASK: [vnf_wait_for_alive | wait for server to alive] *************************
2015-07-26 22:31:41,082 p=29292 u=root |  skipping: [localhost]
2015-07-26 22:31:41,083 p=29292 u=root |  TASK: [vnf_wait_for_alive | wait for server to alive] *************************
2015-07-26 22:31:41,087 p=29292 u=root |  skipping: [localhost]
2015-07-26 22:31:41,088 p=29292 u=root |  TASK: [vnf_wait_for_alive | wait for server to alive] *************************
2015-07-26 22:31:41,093 p=29292 u=root |  skipping: [localhost]
2015-07-26 22:31:41,093 p=29292 u=root |  TASK: [vnf_wait_for_alive | wait for server to alive] *************************
2015-07-26 22:32:41,257 p=29292 u=root |  ok: [localhost -> 127.0.0.1]
2015-07-26 22:32:41,259 p=29292 u=root |  PLAY [acquire vm uuid] ********************************************************
2015-07-26 22:32:41,261 p=29292 u=root |  TASK: [output_vm_uuid | acquire nova uuid] ************************************
2015-07-26 22:32:41,907 p=29292 u=root |  ok: [135.252.152.142 -> localhost]
2015-07-26 22:32:41,910 p=29292 u=root |  TASK: [output_vm_uuid | debug msg="{{ vms_uuid.output }}"] ********************
2015-07-26 22:32:42,286 p=29292 u=root |  ok: [135.252.152.142] => {
    "msg": "{'ovm': '67da8fce-272c-4bd8-8f5b-21c5ec256469'}"
}
2015-07-26 22:32:42,287 p=29292 u=root |  TASK: [output_vm_uuid | generate vm uuid] *************************************
2015-07-26 22:32:42,946 p=29292 u=root |  changed: [135.252.152.142]
2015-07-26 22:32:42,946 p=29292 u=root |  PLAY [check /dev/vdb] *********************************************************
2015-07-26 22:32:42,947 p=29292 u=root |  TASK: [search /dev/vdb] *******************************************************
2015-07-26 22:32:43,383 p=29292 u=root |  changed: [135.252.152.142]
2015-07-26 22:32:43,385 p=29292 u=root |  TASK: [debug msg={{ vdb_rst.stdout  }}] ***************************************
2015-07-26 22:32:43,730 p=29292 u=root |  ok: [135.252.152.142] => {
    "msg": "/dev/vdb"
}
2015-07-26 22:32:43,731 p=29292 u=root |  TASK: [reboot if vdb not present] *********************************************
2015-07-26 22:32:43,734 p=29292 u=root |  skipping: [135.252.152.142]
2015-07-26 22:32:43,735 p=29292 u=root |  TASK: [wait_for host={{ inventory_hostname }} port=22 delay=10 timeout=300 state=stopped] ***
2015-07-26 22:32:43,738 p=29292 u=root |  skipping: [135.252.152.142]
2015-07-26 22:32:43,739 p=29292 u=root |  TASK: [wait_for host={{ inventory_hostname }} port=22 delay=10 timeout=300 state=started] ***
2015-07-26 22:32:43,742 p=29292 u=root |  skipping: [135.252.152.142]
2015-07-26 22:32:43,742 p=29292 u=root |  PLAY [image replacement post script] ******************************************
2015-07-26 22:32:43,742 p=29292 u=root |  TASK: [run post replace script, may take around 20 minutes] *******************
2015-07-26 22:48:02,277 p=29292 u=root |  changed: [135.252.152.142]
2015-07-26 22:48:02,278 p=29292 u=root |  TASK: [configure new disk drive] **********************************************
2015-07-26 22:50:24,581 p=29292 u=root |  changed: [135.252.152.142]
2015-07-26 22:50:24,583 p=29292 u=root |  TASK: [organize directories for image replacement] ****************************
2015-07-26 22:50:25,088 p=29292 u=root |  changed: [135.252.152.142]
2015-07-26 22:50:25,088 p=29292 u=root |  PLAY [Bulk config after installation] *****************************************
2015-07-26 22:50:25,089 p=29292 u=root |  skipping: no hosts matched
2015-07-26 22:50:25,089 p=29292 u=root |  PLAY [Vertical scaling COM VM for memory, and CPU] ****************************
2015-07-26 22:50:25,089 p=29292 u=root |  TASK: [tune memory] ***********************************************************
2015-07-26 22:50:26,059 p=29292 u=root |  changed: [135.252.152.142]
2015-07-26 22:50:26,059 p=29292 u=root |  PLAY [delete suspend file] ****************************************************
2015-07-26 22:50:26,060 p=29292 u=root |  TASK: [delete_suspend_file | delete suspend file] *****************************
2015-07-26 22:50:26,496 p=29292 u=root |  changed: [135.252.152.142]
2015-07-26 22:50:26,496 p=29292 u=root |  PLAY [start com application] **************************************************
2015-07-26 22:50:26,497 p=29292 u=root |  TASK: [start_com | start com application] *************************************
2015-07-26 22:50:33,010 p=29292 u=root |  changed: [135.252.152.142]
2015-07-26 22:50:33,010 p=29292 u=root |  PLAY [Reboot] *****************************************************************
2015-07-26 22:50:33,011 p=29292 u=root |  TASK: [Reboot server] *********************************************************
2015-07-26 22:50:33,470 p=29292 u=root |  changed: [135.252.152.142]
2015-07-26 22:50:33,470 p=29292 u=root |  PLAY RECAP ********************************************************************
2015-07-26 22:50:33,470 p=29292 u=root |  135.252.152.142            : ok=12   changed=9    unreachable=0    failed=0
2015-07-26 22:50:33,471 p=29292 u=root |  localhost                  : ok=13   changed=4    unreachable=0    failed=0
