-------Call Ansible......
2015-07-27 09:33:06,636 p=30390 u=root |   [WARNING]: The version of gmp you have installed has a known issue regarding
timing vulnerabilities when used with pycrypto. If possible, you should update
it (i.e. yum update gmp).

2015-07-27 09:33:06,800 p=30390 u=root |   
2015-07-27 09:33:06,800 p=30390 u=root |  /usr/bin/ansible-playbook -c paramiko -i ../../inventory/hosts upgrade_qosac.yml
2015-07-27 09:33:06,801 p=30390 u=root |   
2015-07-27 09:33:07,035 p=30390 u=root |  PLAY [stop COM] *************************************************************** 
2015-07-27 09:33:07,036 p=30390 u=root |  TASK: [stop_com | stop com application] *************************************** 
2015-07-27 09:34:56,035 p=30390 u=root |  changed: [10.223.1.99]
2015-07-27 09:34:56,036 p=30390 u=root |  PLAY [backup com data] ******************************************************** 
2015-07-27 09:34:56,037 p=30390 u=root |  TASK: [backup_data | create local backup directory] *************************** 
2015-07-27 09:34:56,818 p=30390 u=root |  ok: [10.223.1.99]
2015-07-27 09:34:56,818 p=30390 u=root |  TASK: [backup_data | mount nfs directory] ************************************* 
2015-07-27 09:34:56,828 p=30390 u=root |  skipping: [10.223.1.99]
2015-07-27 09:34:56,829 p=30390 u=root |  TASK: [backup_data | backup data] ********************************************* 
2015-07-27 09:34:56,833 p=30390 u=root |  skipping: [10.223.1.99]
2015-07-27 09:34:56,833 p=30390 u=root |  TASK: [backup_data | backup data for CSA and CFMA] **************************** 
2015-07-27 09:38:44,588 p=30390 u=root |  changed: [10.223.1.99]
2015-07-27 09:38:44,589 p=30390 u=root |  TASK: [backup_data | remove qosac backup data] ******************************** 
2015-07-27 09:38:45,352 p=30390 u=root |  ok: [10.223.1.99]
2015-07-27 09:38:45,352 p=30390 u=root |  TASK: [backup_data | backup data qosac data] ********************************** 
2015-07-27 09:39:40,595 p=30390 u=root |  changed: [10.223.1.99]
2015-07-27 09:39:40,596 p=30390 u=root |  TASK: [backup_data | synchronize data to disk] ******************************** 
2015-07-27 09:39:42,636 p=30390 u=root |  changed: [10.223.1.99]
2015-07-27 09:39:42,637 p=30390 u=root |  PLAY [Auto install com on kvm] ************************************************ 
2015-07-27 09:39:42,638 p=30390 u=root |  TASK: [ovm_prepare | Generate uuid for vm instance] *************************** 
2015-07-27 09:39:42,664 p=30390 u=root |  skipping: [localhost]
2015-07-27 09:39:42,665 p=30390 u=root |  TASK: [ovm_prepare | Generate mac address] ************************************ 
2015-07-27 09:39:42,691 p=30390 u=root |  skipping: [localhost]
2015-07-27 09:39:42,692 p=30390 u=root |  TASK: [ovm_prepare | Generate directories for tmp file] *********************** 
2015-07-27 09:39:42,717 p=30390 u=root |  skipping: [localhost]
2015-07-27 09:39:42,717 p=30390 u=root |  TASK: [ovm_prepare | Get authorized key] ************************************** 
2015-07-27 09:39:42,744 p=30390 u=root |  skipping: [localhost]
2015-07-27 09:39:42,745 p=30390 u=root |  TASK: [ovm_prepare | Generate meta-data] ************************************** 
2015-07-27 09:39:42,776 p=30390 u=root |  skipping: [localhost]
2015-07-27 09:39:42,776 p=30390 u=root |  TASK: [ovm_prepare | Generate user-data] ************************************** 
2015-07-27 09:39:42,801 p=30390 u=root |  skipping: [localhost]
2015-07-27 09:39:42,801 p=30390 u=root |  TASK: [ovm_prepare | Generate data source image] ****************************** 
2015-07-27 09:39:42,827 p=30390 u=root |  skipping: [localhost]
2015-07-27 09:39:42,827 p=30390 u=root |  TASK: [ovm_prepare | Generate vm domain definition xml] *********************** 
2015-07-27 09:39:42,852 p=30390 u=root |  skipping: [localhost]
2015-07-27 09:39:42,852 p=30390 u=root |  TASK: [ovm_prepare | Generate file directories] ******************************* 
2015-07-27 09:39:42,878 p=30390 u=root |  skipping: [localhost]
2015-07-27 09:39:42,878 p=30390 u=root |  TASK: [ovm_prepare | Delete tmp meta-data] ************************************ 
2015-07-27 09:39:42,903 p=30390 u=root |  skipping: [localhost]
2015-07-27 09:39:42,903 p=30390 u=root |  TASK: [ovm_prepare | Delete tmp user-data] ************************************ 
2015-07-27 09:39:42,929 p=30390 u=root |  skipping: [localhost]
2015-07-27 09:39:42,929 p=30390 u=root |  TASK: [prepare | generate mac address for virtual machine] ******************** 
2015-07-27 09:39:43,090 p=30390 u=root |  changed: [localhost]
2015-07-27 09:39:43,091 p=30390 u=root |  TASK: [prepare | Generate directories for tmp file] *************************** 
2015-07-27 09:39:43,254 p=30390 u=root |  changed: [localhost]
2015-07-27 09:39:43,255 p=30390 u=root |  TASK: [prepare | Get authorized key] ****************************************** 
2015-07-27 09:39:43,420 p=30390 u=root |  changed: [localhost -> 127.0.0.1]
2015-07-27 09:39:43,421 p=30390 u=root |  TASK: [prepare | Generate meta-data] ****************************************** 
2015-07-27 09:39:43,793 p=30390 u=root |  changed: [localhost]
2015-07-27 09:39:43,794 p=30390 u=root |  TASK: [prepare | Generate user-data] ****************************************** 
2015-07-27 09:39:44,164 p=30390 u=root |  changed: [localhost]
2015-07-27 09:39:44,164 p=30390 u=root |  TASK: [prepare | Generate data source image] ********************************** 
2015-07-27 09:39:44,325 p=30390 u=root |  changed: [localhost]
2015-07-27 09:39:44,326 p=30390 u=root |  TASK: [prepare | Generate vm domain definition xml] *************************** 
2015-07-27 09:39:44,736 p=30390 u=root |  changed: [localhost]
2015-07-27 09:39:44,737 p=30390 u=root |  TASK: [prepare | Generate file directories] *********************************** 
2015-07-27 09:39:44,887 p=30390 u=root |  changed: [localhost]
2015-07-27 09:39:44,888 p=30390 u=root |  TASK: [prepare | Generate install options] ************************************ 
2015-07-27 09:39:45,319 p=30390 u=root |  changed: [localhost]
2015-07-27 09:39:45,320 p=30390 u=root |  TASK: [prepare | Delete tmp meta-data] **************************************** 
2015-07-27 09:39:45,477 p=30390 u=root |  changed: [localhost]
2015-07-27 09:39:45,478 p=30390 u=root |  TASK: [prepare | Delete tmp user-data] **************************************** 
2015-07-27 09:39:45,637 p=30390 u=root |  changed: [localhost]
2015-07-27 09:39:45,638 p=30390 u=root |  TASK: [ovm_tar_all_files | Tar optional VM] *********************************** 
2015-07-27 09:39:45,774 p=30390 u=root |  changed: [localhost]
2015-07-27 09:39:45,775 p=30390 u=root |  TASK: [ovm_tar_all_files | Remove tmp directory] ****************************** 
2015-07-27 09:39:45,903 p=30390 u=root |  changed: [localhost]
2015-07-27 09:39:45,904 p=30390 u=root |  PLAY [Replace kvm qcow2 file] ************************************************* 
2015-07-27 09:39:45,905 p=30390 u=root |  TASK: [destroy_kvm | Destroy kvms] ******************************************** 
2015-07-27 09:39:49,194 p=30390 u=root |  changed: [localhost]
2015-07-27 09:39:49,194 p=30390 u=root |  TASK: [destroy_kvm | Undefine kvms] ******************************************* 
2015-07-27 09:39:49,377 p=30390 u=root |  changed: [localhost]
2015-07-27 09:39:49,377 p=30390 u=root |  TASK: [change_kvm_su | Copy qcow2 files to directories] *********************** 
2015-07-27 09:40:19,006 p=30390 u=root |  changed: [localhost]
2015-07-27 09:40:19,007 p=30390 u=root |  TASK: [change_kvm_su | Create vm instance] ************************************ 
2015-07-27 09:40:19,197 p=30390 u=root |  changed: [localhost]
2015-07-27 09:40:19,198 p=30390 u=root |  TASK: [change_kvm_su | Start vm instance] ************************************* 
2015-07-27 09:40:20,729 p=30390 u=root |  changed: [localhost]
2015-07-27 09:40:20,730 p=30390 u=root |  TASK: [wait_for_server_start | wait for guest os to start] ******************** 
2015-07-27 09:41:14,900 p=30390 u=root |  ok: [localhost]
2015-07-27 09:41:14,901 p=30390 u=root |  PLAY [Send install_option to qosac vm] **************************************** 
2015-07-27 09:41:14,901 p=30390 u=root |  TASK: [send_install_options | Make /install/config directory if not exist] **** 
2015-07-27 09:41:16,493 p=30390 u=root |  changed: [10.223.1.99]
2015-07-27 09:41:16,493 p=30390 u=root |  TASK: [send_install_options | Copy install_options to guest vm] *************** 
2015-07-27 09:41:17,429 p=30390 u=root |  changed: [10.223.1.99]
2015-07-27 09:41:17,430 p=30390 u=root |  PLAY [image replacement post script] ****************************************** 
2015-07-27 09:41:17,430 p=30390 u=root |  TASK: [run post replace script, may take around 20 minutes] ******************* 
2015-07-27 10:08:07,623 p=30390 u=root |  changed: [10.223.1.99]
2015-07-27 10:08:07,624 p=30390 u=root |  TASK: [configure new disk drive] ********************************************** 
2015-07-27 10:12:51,589 p=30390 u=root |  changed: [10.223.1.99]
2015-07-27 10:12:51,590 p=30390 u=root |  TASK: [organize directories for image replacement] **************************** 
2015-07-27 10:12:52,421 p=30390 u=root |  changed: [10.223.1.99]
2015-07-27 10:12:52,422 p=30390 u=root |  PLAY [stop COM] *************************************************************** 
2015-07-27 10:12:52,422 p=30390 u=root |  TASK: [stop_com | stop com application] *************************************** 
2015-07-27 10:13:45,458 p=30390 u=root |  changed: [10.223.1.99]
2015-07-27 10:13:45,459 p=30390 u=root |  PLAY [restore data] *********************************************************** 
2015-07-27 10:13:45,459 p=30390 u=root |  TASK: [restore_data | create local restore directory] ************************* 
2015-07-27 10:13:46,196 p=30390 u=root |  ok: [10.223.1.99]
2015-07-27 10:13:46,196 p=30390 u=root |  TASK: [restore_data | mount nfs directory] ************************************ 
2015-07-27 10:13:46,208 p=30390 u=root |  skipping: [10.223.1.99]
2015-07-27 10:13:46,208 p=30390 u=root |  TASK: [restore_data | restore data] ******************************************* 
2015-07-27 10:13:46,213 p=30390 u=root |  skipping: [10.223.1.99]
2015-07-27 10:13:46,213 p=30390 u=root |  TASK: [restore_data | restore data for CSA and CFMA] ************************** 
2015-07-27 10:15:21,517 p=30390 u=root |  changed: [10.223.1.99]
2015-07-27 10:15:21,517 p=30390 u=root |  TASK: [restore_data | restore qosac data] ************************************* 
2015-07-27 10:15:51,536 p=30390 u=root |  changed: [10.223.1.99]
2015-07-27 10:15:51,536 p=30390 u=root |  PLAY [Update COM DB Schema] *************************************************** 
2015-07-27 10:15:51,537 p=30390 u=root |  TASK: [Update COM DB schema] ************************************************** 
2015-07-27 10:28:22,023 p=30390 u=root |  changed: [10.223.1.99]
2015-07-27 10:28:22,023 p=30390 u=root |  PLAY [Vertical scaling COM VM for memory, and CPU] **************************** 
2015-07-27 10:28:22,024 p=30390 u=root |  TASK: [tune memory] *********************************************************** 
2015-07-27 10:28:23,989 p=30390 u=root |  changed: [10.223.1.99]
2015-07-27 10:28:23,990 p=30390 u=root |  PLAY [fetch host network configuration] *************************************** 
2015-07-27 10:28:23,990 p=30390 u=root |  TASK: [find network configuration] ******************************************** 
2015-07-27 10:28:25,166 p=30390 u=root |  changed: [localhost]
2015-07-27 10:28:25,167 p=30390 u=root |  TASK: [fetch network configuration] ******************************************* 
2015-07-27 10:28:25,215 p=30390 u=root |  changed: [localhost] => (item=/etc/sysconfig/network-scripts/ifcfg-br0)
2015-07-27 10:28:25,256 p=30390 u=root |  changed: [localhost] => (item=/etc/sysconfig/network-scripts/ifcfg-eth1)
2015-07-27 10:28:25,296 p=30390 u=root |  changed: [localhost] => (item=/etc/sysconfig/network-scripts/ifcfg-usb0)
2015-07-27 10:28:25,328 p=30390 u=root |  changed: [localhost] => (item=/etc/sysconfig/network-scripts/ifcfg-lo)
2015-07-27 10:28:25,393 p=30390 u=root |  changed: [localhost] => (item=/etc/sysconfig/network-scripts/ifcfg-br1)
2015-07-27 10:28:25,432 p=30390 u=root |  changed: [localhost] => (item=/etc/sysconfig/network-scripts/ifcfg-eth3)
2015-07-27 10:28:25,468 p=30390 u=root |  changed: [localhost] => (item=/etc/sysconfig/network-scripts/ifcfg-eth0)
2015-07-27 10:28:25,469 p=30390 u=root |  PLAY [upload host network configuration] ************************************** 
2015-07-27 10:28:25,470 p=30390 u=root |  TASK: [create host-nework directory] ****************************************** 
2015-07-27 10:28:26,290 p=30390 u=root |  changed: [10.223.1.99]
2015-07-27 10:28:26,290 p=30390 u=root |  TASK: [upload hostnework configuration] *************************************** 
2015-07-27 10:28:29,190 p=30390 u=root |  changed: [10.223.1.99]
2015-07-27 10:28:29,191 p=30390 u=root |  TASK: [upload group vars] ***************************************************** 
2015-07-27 10:28:30,058 p=30390 u=root |  changed: [10.223.1.99]
2015-07-27 10:28:30,059 p=30390 u=root |  PLAY [start com application] ************************************************** 
2015-07-27 10:28:30,059 p=30390 u=root |  TASK: [start_com | start com application] ************************************* 
2015-07-27 10:28:35,103 p=30390 u=root |  changed: [10.223.1.99]
2015-07-27 10:28:35,104 p=30390 u=root |  PLAY RECAP ******************************************************************** 
2015-07-27 10:28:35,104 p=30390 u=root |  10.223.1.99                : ok=21   changed=18   unreachable=0    failed=0   
2015-07-27 10:28:35,104 p=30390 u=root |  localhost                  : ok=21   changed=20   unreachable=0    failed=0   
